<<<<<<< HEAD
d:\수업\algorithm2\func3\func3\debug\vc142.pdb
d:\수업\algorithm2\func3\func3\debug\vc142.idb
d:\수업\algorithm2\func3\func3\debug\func3.obj
d:\수업\algorithm2\func3\debug\func3.exe
d:\수업\algorithm2\func3\debug\func3.ilk
d:\수업\algorithm2\func3\debug\func3.pdb
d:\수업\algorithm2\func3\func3\debug\func3.tlog\cl.command.1.tlog
d:\수업\algorithm2\func3\func3\debug\func3.tlog\cl.read.1.tlog
d:\수업\algorithm2\func3\func3\debug\func3.tlog\cl.write.1.tlog
d:\수업\algorithm2\func3\func3\debug\func3.tlog\link.command.1.tlog
d:\수업\algorithm2\func3\func3\debug\func3.tlog\link.read.1.tlog
d:\수업\algorithm2\func3\func3\debug\func3.tlog\link.write.1.tlog
=======
d:\수업\algorithm2\func3\func3\debug\vc142.pdb
d:\수업\algorithm2\func3\func3\debug\vc142.idb
d:\수업\algorithm2\func3\func3\debug\func3.obj
d:\수업\algorithm2\func3\debug\func3.exe
d:\수업\algorithm2\func3\debug\func3.ilk
d:\수업\algorithm2\func3\debug\func3.pdb
d:\수업\algorithm2\func3\func3\debug\func3.tlog\cl.command.1.tlog
d:\수업\algorithm2\func3\func3\debug\func3.tlog\cl.read.1.tlog
d:\수업\algorithm2\func3\func3\debug\func3.tlog\cl.write.1.tlog
d:\수업\algorithm2\func3\func3\debug\func3.tlog\link.command.1.tlog
d:\수업\algorithm2\func3\func3\debug\func3.tlog\link.read.1.tlog
d:\수업\algorithm2\func3\func3\debug\func3.tlog\link.write.1.tlog
>>>>>>> 50b722da161857ed2a3d69d2bce1b486fb355d13
